# Unreleased

# 2.21.4

Preview auf 5 Tage erweitert. Lade-Timeout erhöht. Code Cleanup.

Internal:
Fixed ArrayIndexOutOfBound.
About activity could not start.
AA was not setup for kotlin.
Fixed weekend offset.

# 2.21.3

Preview auf 5 Tage erweitert. Lade-Timeout erhöht. Code Cleanup.

Internal: Fixed ArrayIndexOutOfBound. About activity could not start. AA was not setup for kotlin.

# 2.21.2

Preview auf 5 Tage erweitert. Lade-Timeout erhöht. Code Cleanup.

Internal: Fixed ArrayIndexOutOfBound. About activity could not start.

# 2.21.1

Preview auf 5 Tage erweitert. Lade-Timeout erhöht. Code Cleanup.

Internal: Fixed ArrayIndexOutOfBound.

# 2.21.0

Preview auf 5 Tage erweitert. Lade-Timeout erhöht. Code Cleanup.

# 2.20.0

Preview auf 5 Tage erweitert. Lade-Timeout erhöht.

# 2.19.2

Crashes gefixt. Hatte endlich wieder Zeit...

# 2.19.1

Crashes gefixt. Hatte endlich wieder Zeit...

# 2.19.0

Fast kompletter Rewrite mit neuer Anbindung ans Studentenwerk. Abstürze sollten behoben sein.

# 2.18.13

Daten werden wieder geladen. Zudem wurde ein Absturz beim Anzeigen eines Menus behoben.

# 2.18.12

 * Interne Änderungen und kleinere Bug-Fixes
 * Öffnungszeiten als Link auf die STW Homepage hinzugefügt

# 2.18.11

  * Interne Änderungen und kleinere Bug-Fixes

# 2.18.10

 * Interne Änderungen

# 2.18.8

 * [Öffnungszeizen aktualisiert](https://github.com/ironjan/MensaUPB/issues/141)
